0 info it worked if it ends with ok
1 verbose cli [ 'C:\\Program Files\\nodejs\\node.exe',
1 verbose cli   'C:\\Program Files\\nodejs\\node_modules\\npm\\bin\\npm-cli.js',
1 verbose cli   'adduser' ]
2 info using npm@2.15.9
3 info using node@v4.6.0
4 warn Email must be an email address
5 verbose adduser before first PUT { _id: 'org.couchdb.user:andres',
5 verbose adduser   name: 'andres',
5 verbose adduser   password: 'XXXXX',
5 verbose adduser   email: 'andre.chasi@gmail.com',
5 verbose adduser   type: 'user',
5 verbose adduser   roles: [],
5 verbose adduser   date: '2016-11-23T19:23:59.648Z' }
6 verbose request uri https://registry.npmjs.org/-/user/org.couchdb.user:andres
7 verbose request new user, so can't send auth
8 info attempt registry request try #1 at 14:23:59
9 verbose request id 1a26e0479f327309
10 http request PUT https://registry.npmjs.org/-/user/org.couchdb.user:andres
11 http 401 https://registry.npmjs.org/-/user/org.couchdb.user:andres
12 verbose headers { 'content-type': 'application/json',
12 verbose headers   'cache-control': 'max-age=300',
12 verbose headers   'content-length': '46',
12 verbose headers   'accept-ranges': 'bytes',
12 verbose headers   date: 'Wed, 23 Nov 2016 19:24:05 GMT',
12 verbose headers   via: '1.1 varnish',
12 verbose headers   connection: 'keep-alive',
12 verbose headers   'x-served-by': 'cache-mia1321-MIA',
12 verbose headers   'x-cache': 'MISS',
12 verbose headers   'x-cache-hits': '0',
12 verbose headers   'x-timer': 'S1479929045.345873,VS0,VE445',
12 verbose headers   vary: 'Accept-Encoding' }
13 verbose request invalidating C:\Users\USRGAM\AppData\Roaming\npm-cache\registry.npmjs.org\-\user\org.couchdb.user_3Aandres on PUT
14 verbose adduser back [ { [Error: Registry returned 401 for PUT on https://registry.npmjs.org/-/user/org.couchdb.user:andres] statusCode: 401, code: 'E401' },
14 verbose adduser   { ok: false, id: 'org.couchdb.user:undefined' },
14 verbose adduser   '{"ok":false,"id":"org.couchdb.user:undefined"}' ]
15 warn adduser Incorrect username or password
15 warn adduser You can reset your account by visiting:
15 warn adduser
15 warn adduser     https://npmjs.org/forgot
16 verbose stack Error: Registry returned 401 for PUT on https://registry.npmjs.org/-/user/org.couchdb.user:andres
16 verbose stack     at makeError (C:\Program Files\nodejs\node_modules\npm\node_modules\npm-registry-client\lib\request.js:264:12)
16 verbose stack     at CachingRegistryClient.<anonymous> (C:\Program Files\nodejs\node_modules\npm\node_modules\npm-registry-client\lib\request.js:242:14)
16 verbose stack     at Request._callback (C:\Program Files\nodejs\node_modules\npm\node_modules\npm-registry-client\lib\request.js:172:14)
16 verbose stack     at Request.self.callback (C:\Program Files\nodejs\node_modules\npm\node_modules\request\request.js:200:22)
16 verbose stack     at emitTwo (events.js:87:13)
16 verbose stack     at Request.emit (events.js:172:7)
16 verbose stack     at Request.<anonymous> (C:\Program Files\nodejs\node_modules\npm\node_modules\request\request.js:1067:10)
16 verbose stack     at emitOne (events.js:82:20)
16 verbose stack     at Request.emit (events.js:169:7)
16 verbose stack     at IncomingMessage.<anonymous> (C:\Program Files\nodejs\node_modules\npm\node_modules\request\request.js:988:12)
17 verbose statusCode 401
18 verbose cwd C:\Users\USRGAM\Documents\GitHub\JavaScript\html
19 error Windows_NT 6.1.7601
20 error argv "C:\\Program Files\\nodejs\\node.exe" "C:\\Program Files\\nodejs\\node_modules\\npm\\bin\\npm-cli.js" "adduser"
21 error node v4.6.0
22 error npm  v2.15.9
23 error code E401
24 error Registry returned 401 for PUT on https://registry.npmjs.org/-/user/org.couchdb.user:andres
25 error If you need help, you may report this error at:
25 error     <https://github.com/npm/npm/issues>
26 verbose exit [ 1, true ]
